{"/Users/pablo179/Documents/proyectos/tecDensity/server/app.js": {"path":"/Users/pablo179/Documents/proyectos/tecDensity/server/app.js","all":false,"statementMap":{"0":{"start":{"line":1,"column":0},"end":{"line":1,"column":29}},"1":{"start":{"line":2,"column":0},"end":{"line":2,"column":32}},"2":{"start":{"line":3,"column":0},"end":{"line":3,"column":23}},"3":{"start":{"line":4,"column":0},"end":{"line":4,"column":54}},"4":{"start":{"line":5,"column":0},"end":{"line":5,"column":0}},"5":{"start":{"line":6,"column":0},"end":{"line":6,"column":22}},"6":{"start":{"line":7,"column":0},"end":{"line":7,"column":0}},"7":{"start":{"line":8,"column":0},"end":{"line":8,"column":16}},"8":{"start":{"line":9,"column":0},"end":{"line":9,"column":24}},"9":{"start":{"line":10,"column":0},"end":{"line":10,"column":47}},"10":{"start":{"line":11,"column":0},"end":{"line":11,"column":51}},"11":{"start":{"line":12,"column":0},"end":{"line":12,"column":59}},"12":{"start":{"line":13,"column":0},"end":{"line":13,"column":36}},"13":{"start":{"line":14,"column":0},"end":{"line":14,"column":0}},"14":{"start":{"line":15,"column":0},"end":{"line":15,"column":24}},"15":{"start":{"line":16,"column":0},"end":{"line":16,"column":51}},"16":{"start":{"line":17,"column":0},"end":{"line":17,"column":3}},"17":{"start":{"line":18,"column":0},"end":{"line":18,"column":0}},"18":{"start":{"line":19,"column":0},"end":{"line":19,"column":19}}},"s":{"0":1,"1":1,"2":1,"3":1,"4":1,"5":1,"6":1,"7":1,"8":1,"9":1,"10":1,"11":1,"12":1,"13":1,"14":1,"15":1,"16":1,"17":1,"18":1},"branchMap":{"0":{"type":"branch","line":1,"loc":{"start":{"line":1,"column":0},"end":{"line":19,"column":19}},"locations":[{"start":{"line":1,"column":0},"end":{"line":19,"column":19}}]},"1":{"type":"branch","line":15,"loc":{"start":{"line":15,"column":8},"end":{"line":17,"column":1}},"locations":[{"start":{"line":15,"column":8},"end":{"line":17,"column":1}}]}},"b":{"0":[1],"1":[1]},"fnMap":{},"f":{}}
,"/Users/pablo179/Documents/proyectos/tecDensity/server/config.js": {"path":"/Users/pablo179/Documents/proyectos/tecDensity/server/config.js","all":false,"statementMap":{"0":{"start":{"line":1,"column":0},"end":{"line":1,"column":28}},"1":{"start":{"line":2,"column":0},"end":{"line":2,"column":24}},"2":{"start":{"line":3,"column":0},"end":{"line":3,"column":36}},"3":{"start":{"line":4,"column":0},"end":{"line":4,"column":50}},"4":{"start":{"line":5,"column":0},"end":{"line":5,"column":43}},"5":{"start":{"line":6,"column":0},"end":{"line":6,"column":0}},"6":{"start":{"line":7,"column":0},"end":{"line":7,"column":56}},"7":{"start":{"line":8,"column":0},"end":{"line":8,"column":0}},"8":{"start":{"line":9,"column":0},"end":{"line":9,"column":30}},"9":{"start":{"line":10,"column":0},"end":{"line":10,"column":28}},"10":{"start":{"line":11,"column":0},"end":{"line":11,"column":65}},"11":{"start":{"line":12,"column":0},"end":{"line":12,"column":3}},"12":{"start":{"line":13,"column":0},"end":{"line":13,"column":28}},"13":{"start":{"line":14,"column":0},"end":{"line":14,"column":1}},"14":{"start":{"line":15,"column":0},"end":{"line":15,"column":0}},"15":{"start":{"line":16,"column":0},"end":{"line":16,"column":16}},"16":{"start":{"line":17,"column":0},"end":{"line":17,"column":26}},"17":{"start":{"line":18,"column":0},"end":{"line":18,"column":31}},"18":{"start":{"line":19,"column":0},"end":{"line":19,"column":31}},"19":{"start":{"line":20,"column":0},"end":{"line":20,"column":39}},"20":{"start":{"line":21,"column":0},"end":{"line":21,"column":31}},"21":{"start":{"line":22,"column":0},"end":{"line":22,"column":1}}},"s":{"0":1,"1":1,"2":1,"3":1,"4":1,"5":1,"6":1,"7":1,"8":1,"9":5,"10":0,"11":0,"12":5,"13":5,"14":1,"15":1,"16":1,"17":1,"18":1,"19":1,"20":1,"21":1},"branchMap":{"0":{"type":"branch","line":1,"loc":{"start":{"line":1,"column":0},"end":{"line":22,"column":1}},"locations":[{"start":{"line":1,"column":0},"end":{"line":22,"column":1}}]},"1":{"type":"branch","line":9,"loc":{"start":{"line":9,"column":18},"end":{"line":14,"column":1}},"locations":[{"start":{"line":9,"column":18},"end":{"line":14,"column":1}}]},"2":{"type":"branch","line":10,"loc":{"start":{"line":10,"column":27},"end":{"line":12,"column":3}},"locations":[{"start":{"line":10,"column":27},"end":{"line":12,"column":3}}]}},"b":{"0":[1],"1":[5],"2":[0]},"fnMap":{"0":{"name":"getEnvVar","decl":{"start":{"line":9,"column":18},"end":{"line":14,"column":1}},"loc":{"start":{"line":9,"column":18},"end":{"line":14,"column":1}},"line":9}},"f":{"0":5}}
,"/Users/pablo179/Documents/proyectos/tecDensity/server/db.js": {"path":"/Users/pablo179/Documents/proyectos/tecDensity/server/db.js","all":false,"statementMap":{"0":{"start":{"line":1,"column":0},"end":{"line":1,"column":35}},"1":{"start":{"line":2,"column":0},"end":{"line":2,"column":33}},"2":{"start":{"line":3,"column":0},"end":{"line":3,"column":0}},"3":{"start":{"line":4,"column":0},"end":{"line":4,"column":31}},"4":{"start":{"line":5,"column":0},"end":{"line":5,"column":22}},"5":{"start":{"line":6,"column":0},"end":{"line":6,"column":22}},"6":{"start":{"line":7,"column":0},"end":{"line":7,"column":30}},"7":{"start":{"line":8,"column":0},"end":{"line":8,"column":26}},"8":{"start":{"line":9,"column":0},"end":{"line":9,"column":27}},"9":{"start":{"line":10,"column":0},"end":{"line":10,"column":22}},"10":{"start":{"line":11,"column":0},"end":{"line":11,"column":15}},"11":{"start":{"line":12,"column":0},"end":{"line":12,"column":3}},"12":{"start":{"line":13,"column":0},"end":{"line":13,"column":0}},"13":{"start":{"line":14,"column":0},"end":{"line":14,"column":20}}},"s":{"0":1,"1":1,"2":1,"3":1,"4":1,"5":1,"6":1,"7":1,"8":1,"9":1,"10":1,"11":1,"12":1,"13":1},"branchMap":{"0":{"type":"branch","line":1,"loc":{"start":{"line":1,"column":0},"end":{"line":14,"column":20}},"locations":[{"start":{"line":1,"column":0},"end":{"line":14,"column":20}}]}},"b":{"0":[1]},"fnMap":{},"f":{}}
,"/Users/pablo179/Documents/proyectos/tecDensity/server/controllers/comments.controller.js": {"path":"/Users/pablo179/Documents/proyectos/tecDensity/server/controllers/comments.controller.js","all":false,"statementMap":{"0":{"start":{"line":1,"column":0},"end":{"line":1,"column":33}},"1":{"start":{"line":2,"column":0},"end":{"line":2,"column":28}},"2":{"start":{"line":3,"column":0},"end":{"line":3,"column":0}},"3":{"start":{"line":4,"column":0},"end":{"line":4,"column":49}},"4":{"start":{"line":5,"column":0},"end":{"line":5,"column":7}},"5":{"start":{"line":6,"column":0},"end":{"line":6,"column":64}},"6":{"start":{"line":7,"column":0},"end":{"line":7,"column":39}},"7":{"start":{"line":8,"column":0},"end":{"line":8,"column":17}},"8":{"start":{"line":9,"column":0},"end":{"line":9,"column":55}},"9":{"start":{"line":10,"column":0},"end":{"line":10,"column":3}},"10":{"start":{"line":11,"column":0},"end":{"line":11,"column":2}},"11":{"start":{"line":12,"column":0},"end":{"line":12,"column":0}},"12":{"start":{"line":13,"column":0},"end":{"line":13,"column":50}},"13":{"start":{"line":14,"column":0},"end":{"line":14,"column":38}},"14":{"start":{"line":15,"column":0},"end":{"line":15,"column":27}},"15":{"start":{"line":16,"column":0},"end":{"line":16,"column":14}},"16":{"start":{"line":17,"column":0},"end":{"line":17,"column":33}},"17":{"start":{"line":18,"column":0},"end":{"line":18,"column":46}},"18":{"start":{"line":19,"column":0},"end":{"line":19,"column":3}},"19":{"start":{"line":20,"column":0},"end":{"line":20,"column":7}},"20":{"start":{"line":21,"column":0},"end":{"line":21,"column":77}},"21":{"start":{"line":22,"column":0},"end":{"line":22,"column":12}},"22":{"start":{"line":23,"column":0},"end":{"line":23,"column":14}},"23":{"start":{"line":24,"column":0},"end":{"line":24,"column":7}},"24":{"start":{"line":25,"column":0},"end":{"line":25,"column":66}},"25":{"start":{"line":26,"column":0},"end":{"line":26,"column":17}},"26":{"start":{"line":27,"column":0},"end":{"line":27,"column":55}},"27":{"start":{"line":28,"column":0},"end":{"line":28,"column":3}},"28":{"start":{"line":29,"column":0},"end":{"line":29,"column":2}},"29":{"start":{"line":30,"column":0},"end":{"line":30,"column":0}},"30":{"start":{"line":31,"column":0},"end":{"line":31,"column":50}},"31":{"start":{"line":32,"column":0},"end":{"line":32,"column":28}},"32":{"start":{"line":33,"column":0},"end":{"line":33,"column":12}},"33":{"start":{"line":34,"column":0},"end":{"line":34,"column":73}},"34":{"start":{"line":35,"column":0},"end":{"line":35,"column":3}},"35":{"start":{"line":36,"column":0},"end":{"line":36,"column":7}},"36":{"start":{"line":37,"column":0},"end":{"line":37,"column":79}},"37":{"start":{"line":38,"column":0},"end":{"line":38,"column":38}},"38":{"start":{"line":39,"column":0},"end":{"line":39,"column":68}},"39":{"start":{"line":40,"column":0},"end":{"line":40,"column":5}},"40":{"start":{"line":41,"column":0},"end":{"line":41,"column":63}},"41":{"start":{"line":42,"column":0},"end":{"line":42,"column":17}},"42":{"start":{"line":43,"column":0},"end":{"line":43,"column":55}},"43":{"start":{"line":44,"column":0},"end":{"line":44,"column":3}},"44":{"start":{"line":45,"column":0},"end":{"line":45,"column":1}},"45":{"start":{"line":46,"column":0},"end":{"line":46,"column":0}},"46":{"start":{"line":47,"column":0},"end":{"line":47,"column":50}},"47":{"start":{"line":48,"column":0},"end":{"line":48,"column":28}},"48":{"start":{"line":49,"column":0},"end":{"line":49,"column":38}},"49":{"start":{"line":50,"column":0},"end":{"line":50,"column":34}},"50":{"start":{"line":51,"column":0},"end":{"line":51,"column":14}},"51":{"start":{"line":52,"column":0},"end":{"line":52,"column":33}},"52":{"start":{"line":53,"column":0},"end":{"line":53,"column":50}},"53":{"start":{"line":54,"column":0},"end":{"line":54,"column":3}},"54":{"start":{"line":55,"column":0},"end":{"line":55,"column":7}},"55":{"start":{"line":56,"column":0},"end":{"line":56,"column":96}},"56":{"start":{"line":57,"column":0},"end":{"line":57,"column":12}},"57":{"start":{"line":58,"column":0},"end":{"line":58,"column":14}},"58":{"start":{"line":59,"column":0},"end":{"line":59,"column":9}},"59":{"start":{"line":60,"column":0},"end":{"line":60,"column":7}},"60":{"start":{"line":61,"column":0},"end":{"line":61,"column":38}},"61":{"start":{"line":62,"column":0},"end":{"line":62,"column":68}},"62":{"start":{"line":63,"column":0},"end":{"line":63,"column":5}},"63":{"start":{"line":64,"column":0},"end":{"line":64,"column":63}},"64":{"start":{"line":65,"column":0},"end":{"line":65,"column":17}},"65":{"start":{"line":66,"column":0},"end":{"line":66,"column":55}},"66":{"start":{"line":67,"column":0},"end":{"line":67,"column":3}},"67":{"start":{"line":68,"column":0},"end":{"line":68,"column":1}}},"s":{"0":1,"1":1,"2":1,"3":1,"4":3,"5":3,"6":3,"7":3,"8":0,"9":0,"10":1,"11":1,"12":1,"13":3,"14":3,"15":2,"16":2,"17":2,"18":2,"19":1,"20":1,"21":1,"22":1,"23":1,"24":1,"25":3,"26":0,"27":0,"28":1,"29":1,"30":1,"31":2,"32":2,"33":0,"34":0,"35":2,"36":2,"37":2,"38":1,"39":1,"40":1,"41":2,"42":0,"43":0,"44":2,"45":1,"46":1,"47":4,"48":4,"49":4,"50":2,"51":2,"52":2,"53":2,"54":2,"55":2,"56":2,"57":2,"58":2,"59":2,"60":4,"61":1,"62":1,"63":1,"64":4,"65":0,"66":0,"67":4},"branchMap":{"0":{"type":"branch","line":1,"loc":{"start":{"line":1,"column":0},"end":{"line":68,"column":1}},"locations":[{"start":{"line":1,"column":0},"end":{"line":68,"column":1}}]},"1":{"type":"branch","line":4,"loc":{"start":{"line":4,"column":27},"end":{"line":11,"column":1}},"locations":[{"start":{"line":4,"column":27},"end":{"line":11,"column":1}}]},"2":{"type":"branch","line":8,"loc":{"start":{"line":8,"column":4},"end":{"line":10,"column":3}},"locations":[{"start":{"line":8,"column":4},"end":{"line":10,"column":3}}]},"3":{"type":"branch","line":13,"loc":{"start":{"line":13,"column":29},"end":{"line":29,"column":1}},"locations":[{"start":{"line":13,"column":29},"end":{"line":29,"column":1}}]},"4":{"type":"branch","line":15,"loc":{"start":{"line":15,"column":13},"end":{"line":15,"column":24}},"locations":[{"start":{"line":15,"column":13},"end":{"line":15,"column":24}}]},"5":{"type":"branch","line":15,"loc":{"start":{"line":15,"column":26},"end":{"line":19,"column":3}},"locations":[{"start":{"line":15,"column":26},"end":{"line":19,"column":3}}]},"6":{"type":"branch","line":20,"loc":{"start":{"line":20,"column":-1},"end":{"line":26,"column":4}},"locations":[{"start":{"line":20,"column":-1},"end":{"line":26,"column":4}}]},"7":{"type":"branch","line":26,"loc":{"start":{"line":26,"column":4},"end":{"line":28,"column":3}},"locations":[{"start":{"line":26,"column":4},"end":{"line":28,"column":3}}]},"8":{"type":"branch","line":31,"loc":{"start":{"line":31,"column":29},"end":{"line":45,"column":1}},"locations":[{"start":{"line":31,"column":29},"end":{"line":45,"column":1}}]},"9":{"type":"branch","line":33,"loc":{"start":{"line":33,"column":11},"end":{"line":35,"column":3}},"locations":[{"start":{"line":33,"column":11},"end":{"line":35,"column":3}}]},"10":{"type":"branch","line":38,"loc":{"start":{"line":38,"column":37},"end":{"line":42,"column":4}},"locations":[{"start":{"line":38,"column":37},"end":{"line":42,"column":4}}]},"11":{"type":"branch","line":42,"loc":{"start":{"line":42,"column":4},"end":{"line":44,"column":3}},"locations":[{"start":{"line":42,"column":4},"end":{"line":44,"column":3}}]},"12":{"type":"branch","line":47,"loc":{"start":{"line":47,"column":29},"end":{"line":68,"column":1}},"locations":[{"start":{"line":47,"column":29},"end":{"line":68,"column":1}}]},"13":{"type":"branch","line":50,"loc":{"start":{"line":50,"column":20},"end":{"line":50,"column":31}},"locations":[{"start":{"line":50,"column":20},"end":{"line":50,"column":31}}]},"14":{"type":"branch","line":50,"loc":{"start":{"line":50,"column":33},"end":{"line":61,"column":37}},"locations":[{"start":{"line":50,"column":33},"end":{"line":61,"column":37}}]},"15":{"type":"branch","line":61,"loc":{"start":{"line":61,"column":37},"end":{"line":65,"column":4}},"locations":[{"start":{"line":61,"column":37},"end":{"line":65,"column":4}}]},"16":{"type":"branch","line":65,"loc":{"start":{"line":65,"column":4},"end":{"line":67,"column":3}},"locations":[{"start":{"line":65,"column":4},"end":{"line":67,"column":3}}]}},"b":{"0":[1],"1":[3],"2":[0],"3":[3],"4":[2],"5":[2],"6":[1],"7":[0],"8":[2],"9":[0],"10":[1],"11":[0],"12":[4],"13":[3],"14":[2],"15":[1],"16":[0]},"fnMap":{"0":{"name":"getComments","decl":{"start":{"line":4,"column":27},"end":{"line":11,"column":1}},"loc":{"start":{"line":4,"column":27},"end":{"line":11,"column":1}},"line":4},"1":{"name":"createComment","decl":{"start":{"line":13,"column":29},"end":{"line":29,"column":1}},"loc":{"start":{"line":13,"column":29},"end":{"line":29,"column":1}},"line":13},"2":{"name":"deleteComment","decl":{"start":{"line":31,"column":29},"end":{"line":45,"column":1}},"loc":{"start":{"line":31,"column":29},"end":{"line":45,"column":1}},"line":31},"3":{"name":"updateComment","decl":{"start":{"line":47,"column":29},"end":{"line":68,"column":1}},"loc":{"start":{"line":47,"column":29},"end":{"line":68,"column":1}},"line":47}},"f":{"0":3,"1":3,"2":2,"3":4}}
,"/Users/pablo179/Documents/proyectos/tecDensity/server/routes/comments.route.js": {"path":"/Users/pablo179/Documents/proyectos/tecDensity/server/routes/comments.route.js","all":false,"statementMap":{"0":{"start":{"line":1,"column":0},"end":{"line":1,"column":33}},"1":{"start":{"line":2,"column":0},"end":{"line":2,"column":113}},"2":{"start":{"line":3,"column":0},"end":{"line":3,"column":0}},"3":{"start":{"line":4,"column":0},"end":{"line":4,"column":24}},"4":{"start":{"line":5,"column":0},"end":{"line":5,"column":0}},"5":{"start":{"line":6,"column":0},"end":{"line":6,"column":29}},"6":{"start":{"line":7,"column":0},"end":{"line":7,"column":32}},"7":{"start":{"line":8,"column":0},"end":{"line":8,"column":37}},"8":{"start":{"line":9,"column":0},"end":{"line":9,"column":34}},"9":{"start":{"line":10,"column":0},"end":{"line":10,"column":0}},"10":{"start":{"line":11,"column":0},"end":{"line":11,"column":22}}},"s":{"0":1,"1":1,"2":1,"3":1,"4":1,"5":1,"6":1,"7":1,"8":1,"9":1,"10":1},"branchMap":{"0":{"type":"branch","line":1,"loc":{"start":{"line":1,"column":0},"end":{"line":11,"column":22}},"locations":[{"start":{"line":1,"column":0},"end":{"line":11,"column":22}}]}},"b":{"0":[1]},"fnMap":{},"f":{}}
}
