TN:
SF:app.js
FNF:0
FNH:0
DA:1,1
DA:2,1
DA:3,1
DA:4,1
DA:5,1
DA:6,1
DA:7,1
DA:8,1
DA:9,1
DA:10,1
DA:11,1
DA:12,1
DA:13,1
DA:14,1
DA:15,1
DA:16,1
DA:17,1
DA:18,1
DA:19,1
LF:19
LH:19
BRDA:1,0,0,1
BRDA:15,1,0,1
BRF:2
BRH:2
end_of_record
TN:
SF:config.js
FN:9,getEnvVar
FNF:1
FNH:1
FNDA:5,getEnvVar
DA:1,1
DA:2,1
DA:3,1
DA:4,1
DA:5,1
DA:6,1
DA:7,1
DA:8,1
DA:9,1
DA:10,5
DA:11,0
DA:12,0
DA:13,5
DA:14,5
DA:15,1
DA:16,1
DA:17,1
DA:18,1
DA:19,1
DA:20,1
DA:21,1
DA:22,1
LF:22
LH:20
BRDA:1,0,0,1
BRDA:9,1,0,5
BRDA:10,2,0,0
BRF:3
BRH:2
end_of_record
TN:
SF:db.js
FNF:0
FNH:0
DA:1,1
DA:2,1
DA:3,1
DA:4,1
DA:5,1
DA:6,1
DA:7,1
DA:8,1
DA:9,1
DA:10,1
DA:11,1
DA:12,1
DA:13,1
DA:14,1
LF:14
LH:14
BRDA:1,0,0,1
BRF:1
BRH:1
end_of_record
TN:
SF:controllers/comments.controller.js
FN:4,getComments
FN:13,createComment
FN:31,deleteComment
FN:47,updateComment
FNF:4
FNH:4
FNDA:3,getComments
FNDA:3,createComment
FNDA:2,deleteComment
FNDA:4,updateComment
DA:1,1
DA:2,1
DA:3,1
DA:4,1
DA:5,3
DA:6,3
DA:7,3
DA:8,3
DA:9,0
DA:10,0
DA:11,1
DA:12,1
DA:13,1
DA:14,3
DA:15,3
DA:16,2
DA:17,2
DA:18,2
DA:19,2
DA:20,1
DA:21,1
DA:22,1
DA:23,1
DA:24,1
DA:25,1
DA:26,3
DA:27,0
DA:28,0
DA:29,1
DA:30,1
DA:31,1
DA:32,2
DA:33,2
DA:34,0
DA:35,0
DA:36,2
DA:37,2
DA:38,2
DA:39,1
DA:40,1
DA:41,1
DA:42,2
DA:43,0
DA:44,0
DA:45,2
DA:46,1
DA:47,1
DA:48,4
DA:49,4
DA:50,4
DA:51,2
DA:52,2
DA:53,2
DA:54,2
DA:55,2
DA:56,2
DA:57,2
DA:58,2
DA:59,2
DA:60,2
DA:61,4
DA:62,1
DA:63,1
DA:64,1
DA:65,4
DA:66,0
DA:67,0
DA:68,4
LF:68
LH:58
BRDA:1,0,0,1
BRDA:4,1,0,3
BRDA:8,2,0,0
BRDA:13,3,0,3
BRDA:15,4,0,2
BRDA:15,5,0,2
BRDA:20,6,0,1
BRDA:26,7,0,0
BRDA:31,8,0,2
BRDA:33,9,0,0
BRDA:38,10,0,1
BRDA:42,11,0,0
BRDA:47,12,0,4
BRDA:50,13,0,3
BRDA:50,14,0,2
BRDA:61,15,0,1
BRDA:65,16,0,0
BRF:17
BRH:12
end_of_record
TN:
SF:routes/comments.route.js
FNF:0
FNH:0
DA:1,1
DA:2,1
DA:3,1
DA:4,1
DA:5,1
DA:6,1
DA:7,1
DA:8,1
DA:9,1
DA:10,1
DA:11,1
LF:11
LH:11
BRDA:1,0,0,1
BRF:1
BRH:1
end_of_record
